<?xml version="1.0" encoding="UTF-8"?>
<testng-results ignored="0" total="1" passed="1" failed="0" skipped="0">
  <reporter-output>
  </reporter-output>
  <suite started-at="2024-04-24T13:26:00 IST" name="Default suite" finished-at="2024-04-24T13:26:26 IST" duration-ms="26810">
    <groups>
    </groups>
    <test started-at="2024-04-24T13:26:00 IST" name="Default test" finished-at="2024-04-24T13:26:26 IST" duration-ms="26810">
      <class name="Selenium.selenium">
        <test-method signature="login()[pri:0, instance:Selenium.selenium@4c550889]" started-at="2024-04-24T13:26:00 IST" name="login" finished-at="2024-04-24T13:26:26 IST" duration-ms="26750" status="PASS">
          <reporter-output>
          </reporter-output>
        </test-method> <!-- login -->
      </class> <!-- Selenium.selenium -->
    </test> <!-- Default test -->
  </suite> <!-- Default suite -->
</testng-results>
